{"C:\\Users\\NouaryK\\Sites\\vue-music\\src\\App.vue": {"path":"C:\\Users\\NouaryK\\Sites\\vue-music\\src\\App.vue","statementMap":{"0":{"start":{"line":23,"column":0},"end":{"line":23,"column":null}},"1":{"start":{"line":24,"column":0},"end":{"line":24,"column":null}},"2":{"start":{"line":25,"column":0},"end":{"line":25,"column":null}},"3":{"start":{"line":35,"column":0},"end":{"line":35,"column":null}},"4":{"start":{"line":42,"column":0},"end":{"line":42,"column":null}}},"fnMap":{"0":{"name":"(anonymous_2)","decl":{"start":{"line":34,"column":0},"end":{"line":34,"column":null}},"loc":{"start":{"line":34,"column":0},"end":{"line":38,"column":null}}},"1":{"name":"(anonymous_3)","decl":{"start":{"line":41,"column":0},"end":{"line":41,"column":null}},"loc":{"start":{"line":41,"column":0},"end":{"line":43,"column":null}}}},"branchMap":{"0":{"loc":{"start":{"line":42,"column":0},"end":{"line":42,"column":null}},"type":"binary-expr","locations":[{"start":{"line":42,"column":0},"end":{"line":42,"column":null}},{"start":{"line":42,"column":0},"end":{"line":42,"column":null}}]}},"s":{"0":0,"1":0,"2":0,"3":0,"4":0},"f":{"0":0,"1":0},"b":{"0":[0,0]}}
,"C:\\Users\\NouaryK\\Sites\\vue-music\\src\\utils.js": {"path":"C:\\Users\\NouaryK\\Sites\\vue-music\\src\\utils.js","statementMap":{"0":{"start":{"line":4,"column":0},"end":{"line":4,"column":17}},"1":{"start":{"line":5,"column":14},"end":{"line":14,"column":1}},"2":{"start":{"line":7,"column":8},"end":{"line":12,"column":10}}},"fnMap":{"0":{"name":"(anonymous_0)","decl":{"start":{"line":6,"column":4},"end":{"line":6,"column":5}},"loc":{"start":{"line":6,"column":61},"end":{"line":13,"column":5}},"line":6}},"branchMap":{"0":{"loc":{"start":{"line":6,"column":44},"end":{"line":6,"column":59}},"type":"default-arg","locations":[{"start":{"line":6,"column":55},"end":{"line":6,"column":59}}],"line":6}},"s":{"0":0,"1":0,"2":0},"f":{"0":0},"b":{"0":[0]},"hash":"c0e1ab84943f5ac4b1adf4869df97045e7680f1a"}
,"C:\\Users\\NouaryK\\Sites\\vue-music\\src\\components\\CreatePlaylist.vue": {"path":"C:\\Users\\NouaryK\\Sites\\vue-music\\src\\components\\CreatePlaylist.vue","statementMap":{"0":{"start":{"line":29,"column":0},"end":{"line":29,"column":null}},"1":{"start":{"line":34,"column":0},"end":{"line":34,"column":null}},"2":{"start":{"line":41,"column":0},"end":{"line":41,"column":null}},"3":{"start":{"line":45,"column":0},"end":{"line":64,"column":null}},"4":{"start":{"line":48,"column":0},"end":{"line":48,"column":null}},"5":{"start":{"line":55,"column":0},"end":{"line":55,"column":null}},"6":{"start":{"line":56,"column":0},"end":{"line":56,"column":null}},"7":{"start":{"line":58,"column":0},"end":{"line":58,"column":null}},"8":{"start":{"line":69,"column":0},"end":{"line":69,"column":null}},"9":{"start":{"line":70,"column":0},"end":{"line":70,"column":null}},"10":{"start":{"line":75,"column":0},"end":{"line":75,"column":null}},"11":{"start":{"line":76,"column":0},"end":{"line":100,"column":null}},"12":{"start":{"line":82,"column":0},"end":{"line":96,"column":null}},"13":{"start":{"line":83,"column":0},"end":{"line":83,"column":null}},"14":{"start":{"line":85,"column":0},"end":{"line":85,"column":null}},"15":{"start":{"line":94,"column":0},"end":{"line":94,"column":null}},"16":{"start":{"line":95,"column":0},"end":{"line":95,"column":null}},"17":{"start":{"line":98,"column":0},"end":{"line":98,"column":null}},"18":{"start":{"line":99,"column":0},"end":{"line":99,"column":null}},"19":{"start":{"line":103,"column":0},"end":{"line":103,"column":null}}},"fnMap":{"0":{"name":"(anonymous_2)","decl":{"start":{"line":33,"column":0},"end":{"line":33,"column":null}},"loc":{"start":{"line":33,"column":0},"end":{"line":38,"column":null}}},"1":{"name":"(anonymous_3)","decl":{"start":{"line":40,"column":0},"end":{"line":40,"column":null}},"loc":{"start":{"line":40,"column":0},"end":{"line":42,"column":null}}},"2":{"name":"(anonymous_4)","decl":{"start":{"line":44,"column":0},"end":{"line":44,"column":null}},"loc":{"start":{"line":44,"column":0},"end":{"line":66,"column":null}}},"3":{"name":"(anonymous_5)","decl":{"start":{"line":68,"column":0},"end":{"line":68,"column":null}},"loc":{"start":{"line":68,"column":0},"end":{"line":71,"column":null}}},"4":{"name":"(anonymous_6)","decl":{"start":{"line":73,"column":0},"end":{"line":73,"column":null}},"loc":{"start":{"line":73,"column":0},"end":{"line":101,"column":null}}},"5":{"name":"(anonymous_7)","decl":{"start":{"line":77,"column":0},"end":{"line":77,"column":null}},"loc":{"start":{"line":77,"column":0},"end":{"line":97,"column":null}}},"6":{"name":"(anonymous_8)","decl":{"start":{"line":97,"column":0},"end":{"line":97,"column":null}},"loc":{"start":{"line":97,"column":0},"end":{"line":100,"column":null}}},"7":{"name":"(anonymous_9)","decl":{"start":{"line":102,"column":0},"end":{"line":102,"column":null}},"loc":{"start":{"line":102,"column":0},"end":{"line":109,"column":null}}}},"branchMap":{"0":{"loc":{"start":{"line":45,"column":0},"end":{"line":64,"column":null}},"type":"if","locations":[{"start":{"line":45,"column":0},"end":{"line":64,"column":null}},{"start":{"line":45,"column":0},"end":{"line":64,"column":null}}]},"1":{"loc":{"start":{"line":82,"column":0},"end":{"line":96,"column":null}},"type":"if","locations":[{"start":{"line":82,"column":0},"end":{"line":96,"column":null}},{"start":{"line":82,"column":0},"end":{"line":96,"column":null}}]},"2":{"loc":{"start":{"line":102,"column":0},"end":{"line":102,"column":null}},"type":"default-arg","locations":[{"start":{"line":102,"column":0},"end":{"line":102,"column":null}}]}},"s":{"0":0,"1":0,"2":0,"3":0,"4":0,"5":0,"6":0,"7":0,"8":0,"9":0,"10":0,"11":0,"12":0,"13":0,"14":0,"15":0,"16":0,"17":0,"18":0,"19":0},"f":{"0":0,"1":0,"2":0,"3":0,"4":0,"5":0,"6":0,"7":0},"b":{"0":[0,0],"1":[0,0],"2":[0]}}
,"C:\\Users\\NouaryK\\Sites\\vue-music\\src\\components\\Footer.vue": {"path":"C:\\Users\\NouaryK\\Sites\\vue-music\\src\\components\\Footer.vue","statementMap":{"0":{"start":{"line":13,"column":0},"end":{"line":13,"column":null}}},"fnMap":{"0":{"name":"(anonymous_1)","decl":{"start":{"line":12,"column":0},"end":{"line":12,"column":null}},"loc":{"start":{"line":12,"column":0},"end":{"line":28,"column":null}}}},"branchMap":{},"s":{"0":0},"f":{"0":0},"b":{}}
,"C:\\Users\\NouaryK\\Sites\\vue-music\\src\\components\\Header.vue": {"path":"C:\\Users\\NouaryK\\Sites\\vue-music\\src\\components\\Header.vue","statementMap":{"0":{"start":{"line":41,"column":0},"end":{"line":41,"column":null}},"1":{"start":{"line":45,"column":0},"end":{"line":45,"column":null}},"2":{"start":{"line":50,"column":0},"end":{"line":50,"column":null}},"3":{"start":{"line":51,"column":0},"end":{"line":51,"column":null}},"4":{"start":{"line":52,"column":0},"end":{"line":52,"column":null}}},"fnMap":{"0":{"name":"(anonymous_1)","decl":{"start":{"line":40,"column":0},"end":{"line":40,"column":null}},"loc":{"start":{"line":40,"column":0},"end":{"line":42,"column":null}}},"1":{"name":"(anonymous_2)","decl":{"start":{"line":44,"column":0},"end":{"line":44,"column":null}},"loc":{"start":{"line":44,"column":0},"end":{"line":55,"column":null}}},"2":{"name":"(anonymous_3)","decl":{"start":{"line":49,"column":0},"end":{"line":49,"column":null}},"loc":{"start":{"line":49,"column":0},"end":{"line":53,"column":null}}}},"branchMap":{},"s":{"0":0,"1":0,"2":0,"3":0,"4":0},"f":{"0":0,"1":0,"2":0},"b":{}}
,"C:\\Users\\NouaryK\\Sites\\vue-music\\src\\components\\Login.vue": {"path":"C:\\Users\\NouaryK\\Sites\\vue-music\\src\\components\\Login.vue","statementMap":{"0":{"start":{"line":45,"column":0},"end":{"line":45,"column":null}},"1":{"start":{"line":50,"column":0},"end":{"line":50,"column":null}},"2":{"start":{"line":65,"column":0},"end":{"line":65,"column":null}},"3":{"start":{"line":66,"column":0},"end":{"line":66,"column":null}},"4":{"start":{"line":68,"column":0},"end":{"line":92,"column":null}},"5":{"start":{"line":74,"column":0},"end":{"line":74,"column":null}},"6":{"start":{"line":75,"column":0},"end":{"line":87,"column":null}},"7":{"start":{"line":76,"column":0},"end":{"line":76,"column":null}},"8":{"start":{"line":77,"column":0},"end":{"line":86,"column":null}},"9":{"start":{"line":78,"column":0},"end":{"line":78,"column":null}},"10":{"start":{"line":79,"column":0},"end":{"line":79,"column":null}},"11":{"start":{"line":80,"column":0},"end":{"line":80,"column":null}},"12":{"start":{"line":81,"column":0},"end":{"line":81,"column":null}},"13":{"start":{"line":82,"column":0},"end":{"line":82,"column":null}},"14":{"start":{"line":83,"column":0},"end":{"line":83,"column":null}},"15":{"start":{"line":85,"column":0},"end":{"line":85,"column":null}},"16":{"start":{"line":89,"column":0},"end":{"line":89,"column":null}},"17":{"start":{"line":90,"column":0},"end":{"line":90,"column":null}},"18":{"start":{"line":91,"column":0},"end":{"line":91,"column":null}},"19":{"start":{"line":97,"column":0},"end":{"line":97,"column":null}},"20":{"start":{"line":99,"column":0},"end":{"line":99,"column":null}},"21":{"start":{"line":100,"column":0},"end":{"line":100,"column":null}},"22":{"start":{"line":102,"column":0},"end":{"line":102,"column":null}},"23":{"start":{"line":104,"column":0},"end":{"line":104,"column":null}},"24":{"start":{"line":106,"column":0},"end":{"line":106,"column":null}},"25":{"start":{"line":110,"column":0},"end":{"line":110,"column":null}},"26":{"start":{"line":113,"column":0},"end":{"line":113,"column":null}},"27":{"start":{"line":114,"column":0},"end":{"line":114,"column":null}},"28":{"start":{"line":121,"column":0},"end":{"line":121,"column":null}},"29":{"start":{"line":130,"column":0},"end":{"line":130,"column":null}},"30":{"start":{"line":139,"column":0},"end":{"line":139,"column":null}}},"fnMap":{"0":{"name":"(anonymous_2)","decl":{"start":{"line":49,"column":0},"end":{"line":49,"column":null}},"loc":{"start":{"line":49,"column":0},"end":{"line":56,"column":null}}},"1":{"name":"(anonymous_3)","decl":{"start":{"line":59,"column":0},"end":{"line":59,"column":null}},"loc":{"start":{"line":59,"column":0},"end":{"line":62,"column":null}}},"2":{"name":"(anonymous_4)","decl":{"start":{"line":64,"column":0},"end":{"line":64,"column":null}},"loc":{"start":{"line":64,"column":0},"end":{"line":93,"column":null}}},"3":{"name":"(anonymous_5)","decl":{"start":{"line":69,"column":0},"end":{"line":69,"column":null}},"loc":{"start":{"line":69,"column":0},"end":{"line":88,"column":null}}},"4":{"name":"(anonymous_6)","decl":{"start":{"line":88,"column":0},"end":{"line":88,"column":null}},"loc":{"start":{"line":88,"column":0},"end":{"line":92,"column":null}}},"5":{"name":"(anonymous_7)","decl":{"start":{"line":95,"column":0},"end":{"line":95,"column":null}},"loc":{"start":{"line":95,"column":0},"end":{"line":118,"column":null}}},"6":{"name":"(anonymous_8)","decl":{"start":{"line":120,"column":0},"end":{"line":120,"column":null}},"loc":{"start":{"line":120,"column":0},"end":{"line":127,"column":null}}},"7":{"name":"(anonymous_9)","decl":{"start":{"line":129,"column":0},"end":{"line":129,"column":null}},"loc":{"start":{"line":129,"column":0},"end":{"line":142,"column":null}}},"8":{"name":"(anonymous_10)","decl":{"start":{"line":138,"column":0},"end":{"line":138,"column":null}},"loc":{"start":{"line":138,"column":0},"end":{"line":140,"column":null}}}},"branchMap":{"0":{"loc":{"start":{"line":75,"column":0},"end":{"line":87,"column":null}},"type":"if","locations":[{"start":{"line":75,"column":0},"end":{"line":87,"column":null}},{"start":{"line":75,"column":0},"end":{"line":87,"column":null}}]},"1":{"loc":{"start":{"line":77,"column":0},"end":{"line":86,"column":null}},"type":"if","locations":[{"start":{"line":77,"column":0},"end":{"line":86,"column":null}},{"start":{"line":77,"column":0},"end":{"line":86,"column":null}}]},"2":{"loc":{"start":{"line":98,"column":0},"end":{"line":102,"column":null}},"type":"switch","locations":[{"start":{"line":98,"column":0},"end":{"line":102,"column":null}},{"start":{"line":103,"column":0},"end":{"line":106,"column":null}},{"start":{"line":108,"column":0},"end":{"line":110,"column":null}},{"start":{"line":112,"column":0},"end":{"line":114,"column":null}}]},"3":{"loc":{"start":{"line":120,"column":0},"end":{"line":120,"column":null}},"type":"default-arg","locations":[{"start":{"line":120,"column":0},"end":{"line":120,"column":null}}]}},"s":{"0":0,"1":0,"2":0,"3":0,"4":0,"5":0,"6":0,"7":0,"8":0,"9":0,"10":0,"11":0,"12":0,"13":0,"14":0,"15":0,"16":0,"17":0,"18":0,"19":0,"20":0,"21":0,"22":0,"23":0,"24":0,"25":0,"26":0,"27":0,"28":0,"29":0,"30":0},"f":{"0":0,"1":0,"2":0,"3":0,"4":0,"5":0,"6":0,"7":0,"8":0},"b":{"0":[0,0],"1":[0,0],"2":[0,0,0,0],"3":[0]}}
,"C:\\Users\\NouaryK\\Sites\\vue-music\\src\\components\\Pagination.vue": {"path":"C:\\Users\\NouaryK\\Sites\\vue-music\\src\\components\\Pagination.vue","statementMap":{"0":{"start":{"line":24,"column":0},"end":{"line":24,"column":null}},"1":{"start":{"line":34,"column":0},"end":{"line":34,"column":null}},"2":{"start":{"line":36,"column":0},"end":{"line":60,"column":null}},"3":{"start":{"line":37,"column":0},"end":{"line":37,"column":null}},"4":{"start":{"line":39,"column":0},"end":{"line":41,"column":null}},"5":{"start":{"line":40,"column":0},"end":{"line":40,"column":null}},"6":{"start":{"line":43,"column":0},"end":{"line":43,"column":null}},"7":{"start":{"line":44,"column":0},"end":{"line":44,"column":null}},"8":{"start":{"line":46,"column":0},"end":{"line":48,"column":null}},"9":{"start":{"line":47,"column":0},"end":{"line":47,"column":null}},"10":{"start":{"line":50,"column":0},"end":{"line":50,"column":null}},"11":{"start":{"line":58,"column":0},"end":{"line":58,"column":null}},"12":{"start":{"line":59,"column":0},"end":{"line":59,"column":null}}},"fnMap":{"0":{"name":"(anonymous_1)","decl":{"start":{"line":23,"column":0},"end":{"line":23,"column":null}},"loc":{"start":{"line":23,"column":0},"end":{"line":27,"column":null}}},"1":{"name":"(anonymous_2)","decl":{"start":{"line":28,"column":0},"end":{"line":28,"column":null}},"loc":{"start":{"line":28,"column":0},"end":{"line":31,"column":null}}},"2":{"name":"(anonymous_3)","decl":{"start":{"line":33,"column":0},"end":{"line":33,"column":null}},"loc":{"start":{"line":33,"column":0},"end":{"line":61,"column":null}}}},"branchMap":{"0":{"loc":{"start":{"line":36,"column":0},"end":{"line":60,"column":null}},"type":"if","locations":[{"start":{"line":36,"column":0},"end":{"line":60,"column":null}},{"start":{"line":36,"column":0},"end":{"line":60,"column":null}}]},"1":{"loc":{"start":{"line":39,"column":0},"end":{"line":41,"column":null}},"type":"if","locations":[{"start":{"line":39,"column":0},"end":{"line":41,"column":null}},{"start":{"line":39,"column":0},"end":{"line":41,"column":null}}]},"2":{"loc":{"start":{"line":46,"column":0},"end":{"line":48,"column":null}},"type":"if","locations":[{"start":{"line":46,"column":0},"end":{"line":48,"column":null}},{"start":{"line":46,"column":0},"end":{"line":48,"column":null}}]}},"s":{"0":0,"1":0,"2":0,"3":0,"4":0,"5":0,"6":0,"7":0,"8":0,"9":0,"10":0,"11":0,"12":0},"f":{"0":0,"1":0,"2":0},"b":{"0":[0,0],"1":[0,0],"2":[0,0]}}
,"C:\\Users\\NouaryK\\Sites\\vue-music\\src\\components\\SideBarMenu.vue": {"path":"C:\\Users\\NouaryK\\Sites\\vue-music\\src\\components\\SideBarMenu.vue","statementMap":{"0":{"start":{"line":98,"column":0},"end":{"line":98,"column":null}},"1":{"start":{"line":102,"column":0},"end":{"line":102,"column":null}},"2":{"start":{"line":109,"column":0},"end":{"line":111,"column":null}},"3":{"start":{"line":110,"column":0},"end":{"line":110,"column":null}},"4":{"start":{"line":112,"column":0},"end":{"line":112,"column":null}},"5":{"start":{"line":121,"column":0},"end":{"line":121,"column":null}},"6":{"start":{"line":122,"column":0},"end":{"line":122,"column":null}},"7":{"start":{"line":125,"column":0},"end":{"line":125,"column":null}},"8":{"start":{"line":126,"column":0},"end":{"line":126,"column":null}},"9":{"start":{"line":130,"column":0},"end":{"line":130,"column":null}},"10":{"start":{"line":135,"column":0},"end":{"line":135,"column":null}},"11":{"start":{"line":136,"column":0},"end":{"line":136,"column":null}},"12":{"start":{"line":137,"column":0},"end":{"line":137,"column":null}},"13":{"start":{"line":142,"column":0},"end":{"line":144,"column":null}},"14":{"start":{"line":143,"column":0},"end":{"line":143,"column":null}},"15":{"start":{"line":145,"column":0},"end":{"line":145,"column":null}},"16":{"start":{"line":147,"column":0},"end":{"line":147,"column":null}},"17":{"start":{"line":150,"column":0},"end":{"line":150,"column":null}}},"fnMap":{"0":{"name":"(anonymous_2)","decl":{"start":{"line":101,"column":0},"end":{"line":101,"column":null}},"loc":{"start":{"line":101,"column":0},"end":{"line":105,"column":null}}},"1":{"name":"(anonymous_3)","decl":{"start":{"line":107,"column":0},"end":{"line":107,"column":null}},"loc":{"start":{"line":107,"column":0},"end":{"line":118,"column":null}}},"2":{"name":"(anonymous_4)","decl":{"start":{"line":120,"column":0},"end":{"line":120,"column":null}},"loc":{"start":{"line":120,"column":0},"end":{"line":123,"column":null}}},"3":{"name":"(anonymous_5)","decl":{"start":{"line":124,"column":0},"end":{"line":124,"column":null}},"loc":{"start":{"line":124,"column":0},"end":{"line":127,"column":null}}},"4":{"name":"(anonymous_6)","decl":{"start":{"line":129,"column":0},"end":{"line":129,"column":null}},"loc":{"start":{"line":129,"column":0},"end":{"line":140,"column":null}}},"5":{"name":"(anonymous_7)","decl":{"start":{"line":134,"column":0},"end":{"line":134,"column":null}},"loc":{"start":{"line":134,"column":0},"end":{"line":138,"column":null}}},"6":{"name":"(anonymous_8)","decl":{"start":{"line":141,"column":0},"end":{"line":141,"column":null}},"loc":{"start":{"line":141,"column":0},"end":{"line":148,"column":null}}},"7":{"name":"(anonymous_9)","decl":{"start":{"line":142,"column":0},"end":{"line":142,"column":null}},"loc":{"start":{"line":142,"column":0},"end":{"line":144,"column":null}}},"8":{"name":"(anonymous_10)","decl":{"start":{"line":149,"column":0},"end":{"line":149,"column":null}},"loc":{"start":{"line":149,"column":0},"end":{"line":156,"column":null}}}},"branchMap":{"0":{"loc":{"start":{"line":109,"column":0},"end":{"line":111,"column":null}},"type":"if","locations":[{"start":{"line":109,"column":0},"end":{"line":111,"column":null}},{"start":{"line":109,"column":0},"end":{"line":111,"column":null}}]},"1":{"loc":{"start":{"line":149,"column":0},"end":{"line":149,"column":null}},"type":"default-arg","locations":[{"start":{"line":149,"column":0},"end":{"line":149,"column":null}}]}},"s":{"0":0,"1":0,"2":0,"3":0,"4":0,"5":0,"6":0,"7":0,"8":0,"9":0,"10":0,"11":0,"12":0,"13":0,"14":0,"15":0,"16":0,"17":0},"f":{"0":0,"1":0,"2":0,"3":0,"4":0,"5":0,"6":0,"7":0,"8":0},"b":{"0":[0,0],"1":[0]}}
,"C:\\Users\\NouaryK\\Sites\\vue-music\\src\\components\\Utils.vue": {"path":"C:\\Users\\NouaryK\\Sites\\vue-music\\src\\components\\Utils.vue","statementMap":{"0":{"start":{"line":8,"column":0},"end":{"line":8,"column":null}}},"fnMap":{"0":{"name":"(anonymous_1)","decl":{"start":{"line":7,"column":0},"end":{"line":7,"column":null}},"loc":{"start":{"line":7,"column":0},"end":{"line":13,"column":null}}}},"branchMap":{"0":{"loc":{"start":{"line":7,"column":0},"end":{"line":7,"column":null}},"type":"default-arg","locations":[{"start":{"line":7,"column":0},"end":{"line":7,"column":null}}]}},"s":{"0":0},"f":{"0":0},"b":{"0":[0]}}
,"C:\\Users\\NouaryK\\Sites\\vue-music\\src\\store\\playlist.js": {"path":"C:\\Users\\NouaryK\\Sites\\vue-music\\src\\store\\playlist.js","statementMap":{"0":{"start":{"line":4,"column":0},"end":{"line":4,"column":13}},"1":{"start":{"line":6,"column":24},"end":{"line":19,"column":2}},"2":{"start":{"line":12,"column":6},"end":{"line":12,"column":37}},"3":{"start":{"line":13,"column":6},"end":{"line":13,"column":33}},"4":{"start":{"line":17,"column":23},"end":{"line":17,"column":38}}},"fnMap":{"0":{"name":"(anonymous_0)","decl":{"start":{"line":11,"column":4},"end":{"line":11,"column":5}},"loc":{"start":{"line":11,"column":34},"end":{"line":14,"column":5}},"line":11},"1":{"name":"(anonymous_1)","decl":{"start":{"line":17,"column":14},"end":{"line":17,"column":15}},"loc":{"start":{"line":17,"column":23},"end":{"line":17,"column":38}},"line":17}},"branchMap":{},"s":{"0":0,"1":0,"2":0,"3":0,"4":0},"f":{"0":0,"1":0},"b":{},"hash":"13becd37e10661b95dba89c4911a703fdc1b1a75"}
,"C:\\Users\\NouaryK\\Sites\\vue-music\\src\\store\\store.js": {"path":"C:\\Users\\NouaryK\\Sites\\vue-music\\src\\store\\store.js","statementMap":{"0":{"start":{"line":5,"column":0},"end":{"line":5,"column":13}},"1":{"start":{"line":7,"column":21},"end":{"line":133,"column":2}},"2":{"start":{"line":26,"column":12},"end":{"line":26,"column":32}},"3":{"start":{"line":29,"column":12},"end":{"line":29,"column":42}},"4":{"start":{"line":30,"column":12},"end":{"line":30,"column":43}},"5":{"start":{"line":34,"column":12},"end":{"line":34,"column":42}},"6":{"start":{"line":41,"column":12},"end":{"line":41,"column":35}},"7":{"start":{"line":43,"column":12},"end":{"line":72,"column":18}},"8":{"start":{"line":47,"column":20},"end":{"line":68,"column":21}},"9":{"start":{"line":48,"column":24},"end":{"line":55,"column":25}},"10":{"start":{"line":49,"column":28},"end":{"line":49,"column":74}},"11":{"start":{"line":50,"column":28},"end":{"line":50,"column":76}},"12":{"start":{"line":51,"column":28},"end":{"line":51,"column":103}},"13":{"start":{"line":52,"column":28},"end":{"line":52,"column":98}},"14":{"start":{"line":54,"column":28},"end":{"line":54,"column":70}},"15":{"start":{"line":57,"column":24},"end":{"line":57,"column":69}},"16":{"start":{"line":58,"column":24},"end":{"line":58,"column":48}},"17":{"start":{"line":59,"column":24},"end":{"line":59,"column":110}},"18":{"start":{"line":61,"column":43},"end":{"line":61,"column":76}},"19":{"start":{"line":62,"column":24},"end":{"line":66,"column":25}},"20":{"start":{"line":63,"column":28},"end":{"line":63,"column":66}},"21":{"start":{"line":64,"column":28},"end":{"line":64,"column":64}},"22":{"start":{"line":70,"column":20},"end":{"line":70,"column":44}},"23":{"start":{"line":71,"column":20},"end":{"line":71,"column":38}},"24":{"start":{"line":79,"column":12},"end":{"line":79,"column":47}},"25":{"start":{"line":82,"column":12},"end":{"line":82,"column":48}},"26":{"start":{"line":83,"column":12},"end":{"line":83,"column":75}},"27":{"start":{"line":84,"column":12},"end":{"line":84,"column":39}},"28":{"start":{"line":87,"column":12},"end":{"line":87,"column":98}},"29":{"start":{"line":88,"column":12},"end":{"line":90,"column":13}},"30":{"start":{"line":89,"column":16},"end":{"line":89,"column":54}},"31":{"start":{"line":97,"column":12},"end":{"line":113,"column":18}},"32":{"start":{"line":104,"column":20},"end":{"line":110,"column":21}},"33":{"start":{"line":105,"column":24},"end":{"line":109,"column":25}},"34":{"start":{"line":106,"column":28},"end":{"line":106,"column":48}},"35":{"start":{"line":108,"column":28},"end":{"line":108,"column":49}},"36":{"start":{"line":112,"column":20},"end":{"line":112,"column":47}},"37":{"start":{"line":117,"column":12},"end":{"line":117,"column":45}},"38":{"start":{"line":120,"column":12},"end":{"line":120,"column":46}},"39":{"start":{"line":128,"column":25},"end":{"line":128,"column":37}},"40":{"start":{"line":130,"column":12},"end":{"line":130,"column":37}}},"fnMap":{"0":{"name":"(anonymous_0)","decl":{"start":{"line":25,"column":15},"end":{"line":25,"column":16}},"loc":{"start":{"line":25,"column":26},"end":{"line":27,"column":9}},"line":25},"1":{"name":"(anonymous_1)","decl":{"start":{"line":28,"column":8},"end":{"line":28,"column":9}},"loc":{"start":{"line":28,"column":38},"end":{"line":31,"column":9}},"line":28},"2":{"name":"(anonymous_2)","decl":{"start":{"line":33,"column":8},"end":{"line":33,"column":9}},"loc":{"start":{"line":33,"column":47},"end":{"line":35,"column":9}},"line":33},"3":{"name":"(anonymous_3)","decl":{"start":{"line":40,"column":8},"end":{"line":40,"column":9}},"loc":{"start":{"line":40,"column":43},"end":{"line":74,"column":9}},"line":40},"4":{"name":"(anonymous_4)","decl":{"start":{"line":46,"column":22},"end":{"line":46,"column":23}},"loc":{"start":{"line":46,"column":36},"end":{"line":69,"column":17}},"line":46},"5":{"name":"(anonymous_5)","decl":{"start":{"line":69,"column":25},"end":{"line":69,"column":26}},"loc":{"start":{"line":69,"column":34},"end":{"line":72,"column":17}},"line":69},"6":{"name":"(anonymous_6)","decl":{"start":{"line":78,"column":8},"end":{"line":78,"column":9}},"loc":{"start":{"line":78,"column":42},"end":{"line":80,"column":9}},"line":78},"7":{"name":"(anonymous_7)","decl":{"start":{"line":81,"column":8},"end":{"line":81,"column":9}},"loc":{"start":{"line":81,"column":44},"end":{"line":85,"column":9}},"line":81},"8":{"name":"(anonymous_8)","decl":{"start":{"line":86,"column":8},"end":{"line":86,"column":9}},"loc":{"start":{"line":86,"column":42},"end":{"line":91,"column":9}},"line":86},"9":{"name":"(anonymous_9)","decl":{"start":{"line":96,"column":8},"end":{"line":96,"column":9}},"loc":{"start":{"line":96,"column":37},"end":{"line":114,"column":9}},"line":96},"10":{"name":"(anonymous_10)","decl":{"start":{"line":103,"column":22},"end":{"line":103,"column":23}},"loc":{"start":{"line":103,"column":36},"end":{"line":111,"column":17}},"line":103},"11":{"name":"(anonymous_11)","decl":{"start":{"line":111,"column":25},"end":{"line":111,"column":26}},"loc":{"start":{"line":111,"column":34},"end":{"line":113,"column":17}},"line":111},"12":{"name":"(anonymous_12)","decl":{"start":{"line":116,"column":8},"end":{"line":116,"column":9}},"loc":{"start":{"line":116,"column":37},"end":{"line":118,"column":9}},"line":116},"13":{"name":"(anonymous_13)","decl":{"start":{"line":119,"column":8},"end":{"line":119,"column":9}},"loc":{"start":{"line":119,"column":38},"end":{"line":121,"column":9}},"line":119},"14":{"name":"(anonymous_14)","decl":{"start":{"line":128,"column":16},"end":{"line":128,"column":17}},"loc":{"start":{"line":128,"column":25},"end":{"line":128,"column":37}},"line":128},"15":{"name":"(anonymous_15)","decl":{"start":{"line":129,"column":8},"end":{"line":129,"column":9}},"loc":{"start":{"line":129,"column":27},"end":{"line":131,"column":9}},"line":129}},"branchMap":{"0":{"loc":{"start":{"line":47,"column":20},"end":{"line":68,"column":21}},"type":"if","locations":[{"start":{"line":47,"column":20},"end":{"line":68,"column":21}},{"start":{"line":47,"column":20},"end":{"line":68,"column":21}}],"line":47},"1":{"loc":{"start":{"line":48,"column":24},"end":{"line":55,"column":25}},"type":"if","locations":[{"start":{"line":48,"column":24},"end":{"line":55,"column":25}},{"start":{"line":48,"column":24},"end":{"line":55,"column":25}}],"line":48},"2":{"loc":{"start":{"line":62,"column":24},"end":{"line":66,"column":25}},"type":"if","locations":[{"start":{"line":62,"column":24},"end":{"line":66,"column":25}},{"start":{"line":62,"column":24},"end":{"line":66,"column":25}}],"line":62},"3":{"loc":{"start":{"line":88,"column":12},"end":{"line":90,"column":13}},"type":"if","locations":[{"start":{"line":88,"column":12},"end":{"line":90,"column":13}},{"start":{"line":88,"column":12},"end":{"line":90,"column":13}}],"line":88},"4":{"loc":{"start":{"line":104,"column":20},"end":{"line":110,"column":21}},"type":"if","locations":[{"start":{"line":104,"column":20},"end":{"line":110,"column":21}},{"start":{"line":104,"column":20},"end":{"line":110,"column":21}}],"line":104},"5":{"loc":{"start":{"line":105,"column":24},"end":{"line":109,"column":25}},"type":"if","locations":[{"start":{"line":105,"column":24},"end":{"line":109,"column":25}},{"start":{"line":105,"column":24},"end":{"line":109,"column":25}}],"line":105},"6":{"loc":{"start":{"line":105,"column":27},"end":{"line":105,"column":115}},"type":"binary-expr","locations":[{"start":{"line":105,"column":27},"end":{"line":105,"column":70}},{"start":{"line":105,"column":74},"end":{"line":105,"column":115}}],"line":105}},"s":{"0":0,"1":0,"2":0,"3":0,"4":0,"5":0,"6":0,"7":0,"8":0,"9":0,"10":0,"11":0,"12":0,"13":0,"14":0,"15":0,"16":0,"17":0,"18":0,"19":0,"20":0,"21":0,"22":0,"23":0,"24":0,"25":0,"26":0,"27":0,"28":0,"29":0,"30":0,"31":0,"32":0,"33":0,"34":0,"35":0,"36":0,"37":0,"38":0,"39":0,"40":0},"f":{"0":0,"1":0,"2":0,"3":0,"4":0,"5":0,"6":0,"7":0,"8":0,"9":0,"10":0,"11":0,"12":0,"13":0,"14":0,"15":0},"b":{"0":[0,0],"1":[0,0],"2":[0,0],"3":[0,0],"4":[0,0],"5":[0,0],"6":[0,0]},"hash":"3f55ea5f5283d7acd7616a00ea07bebd0c04c065"}
,"C:\\Users\\NouaryK\\Sites\\vue-music\\src\\views\\Home.vue": {"path":"C:\\Users\\NouaryK\\Sites\\vue-music\\src\\views\\Home.vue","statementMap":{"0":{"start":{"line":75,"column":0},"end":{"line":75,"column":null}},"1":{"start":{"line":76,"column":0},"end":{"line":76,"column":null}},"2":{"start":{"line":84,"column":0},"end":{"line":84,"column":null}},"3":{"start":{"line":99,"column":0},"end":{"line":99,"column":null}},"4":{"start":{"line":100,"column":0},"end":{"line":100,"column":null}},"5":{"start":{"line":101,"column":0},"end":{"line":105,"column":null}},"6":{"start":{"line":102,"column":0},"end":{"line":104,"column":null}},"7":{"start":{"line":112,"column":0},"end":{"line":112,"column":null}},"8":{"start":{"line":115,"column":0},"end":{"line":125,"column":null}},"9":{"start":{"line":120,"column":0},"end":{"line":122,"column":null}},"10":{"start":{"line":121,"column":0},"end":{"line":121,"column":null}},"11":{"start":{"line":124,"column":0},"end":{"line":124,"column":null}},"12":{"start":{"line":129,"column":0},"end":{"line":161,"column":null}},"13":{"start":{"line":130,"column":0},"end":{"line":130,"column":null}},"14":{"start":{"line":131,"column":0},"end":{"line":158,"column":null}},"15":{"start":{"line":143,"column":0},"end":{"line":152,"column":null}},"16":{"start":{"line":144,"column":0},"end":{"line":144,"column":null}},"17":{"start":{"line":145,"column":0},"end":{"line":145,"column":null}},"18":{"start":{"line":146,"column":0},"end":{"line":146,"column":null}},"19":{"start":{"line":147,"column":0},"end":{"line":147,"column":null}},"20":{"start":{"line":148,"column":0},"end":{"line":148,"column":null}},"21":{"start":{"line":149,"column":0},"end":{"line":151,"column":null}},"22":{"start":{"line":150,"column":0},"end":{"line":150,"column":null}},"23":{"start":{"line":155,"column":0},"end":{"line":155,"column":null}},"24":{"start":{"line":156,"column":0},"end":{"line":156,"column":null}},"25":{"start":{"line":157,"column":0},"end":{"line":157,"column":null}},"26":{"start":{"line":160,"column":0},"end":{"line":160,"column":null}},"27":{"start":{"line":165,"column":0},"end":{"line":165,"column":null}},"28":{"start":{"line":166,"column":0},"end":{"line":168,"column":null}},"29":{"start":{"line":167,"column":0},"end":{"line":167,"column":null}},"30":{"start":{"line":169,"column":0},"end":{"line":169,"column":null}},"31":{"start":{"line":173,"column":0},"end":{"line":173,"column":null}},"32":{"start":{"line":174,"column":0},"end":{"line":174,"column":null}},"33":{"start":{"line":175,"column":0},"end":{"line":175,"column":null}},"34":{"start":{"line":178,"column":0},"end":{"line":178,"column":null}},"35":{"start":{"line":179,"column":0},"end":{"line":216,"column":null}},"36":{"start":{"line":186,"column":0},"end":{"line":205,"column":null}},"37":{"start":{"line":187,"column":0},"end":{"line":187,"column":null}},"38":{"start":{"line":189,"column":0},"end":{"line":204,"column":null}},"39":{"start":{"line":190,"column":0},"end":{"line":190,"column":null}},"40":{"start":{"line":196,"column":0},"end":{"line":196,"column":null}},"41":{"start":{"line":198,"column":0},"end":{"line":198,"column":null}},"42":{"start":{"line":208,"column":0},"end":{"line":208,"column":null}},"43":{"start":{"line":209,"column":0},"end":{"line":209,"column":null}},"44":{"start":{"line":210,"column":0},"end":{"line":210,"column":null}}},"fnMap":{"0":{"name":"(anonymous_2)","decl":{"start":{"line":83,"column":0},"end":{"line":83,"column":null}},"loc":{"start":{"line":83,"column":0},"end":{"line":97,"column":null}}},"1":{"name":"(anonymous_3)","decl":{"start":{"line":98,"column":0},"end":{"line":98,"column":null}},"loc":{"start":{"line":98,"column":0},"end":{"line":109,"column":null}}},"2":{"name":"(anonymous_4)","decl":{"start":{"line":102,"column":0},"end":{"line":102,"column":null}},"loc":{"start":{"line":102,"column":0},"end":{"line":104,"column":null}}},"3":{"name":"(anonymous_5)","decl":{"start":{"line":111,"column":0},"end":{"line":111,"column":null}},"loc":{"start":{"line":111,"column":0},"end":{"line":127,"column":null}}},"4":{"name":"(anonymous_6)","decl":{"start":{"line":115,"column":0},"end":{"line":115,"column":null}},"loc":{"start":{"line":115,"column":0},"end":{"line":123,"column":null}}},"5":{"name":"(anonymous_7)","decl":{"start":{"line":123,"column":0},"end":{"line":123,"column":null}},"loc":{"start":{"line":123,"column":0},"end":{"line":125,"column":null}}},"6":{"name":"(anonymous_8)","decl":{"start":{"line":128,"column":0},"end":{"line":128,"column":null}},"loc":{"start":{"line":128,"column":0},"end":{"line":162,"column":null}}},"7":{"name":"(anonymous_9)","decl":{"start":{"line":131,"column":0},"end":{"line":131,"column":null}},"loc":{"start":{"line":131,"column":0},"end":{"line":153,"column":null}}},"8":{"name":"(anonymous_10)","decl":{"start":{"line":153,"column":0},"end":{"line":153,"column":null}},"loc":{"start":{"line":153,"column":0},"end":{"line":158,"column":null}}},"9":{"name":"(anonymous_11)","decl":{"start":{"line":164,"column":0},"end":{"line":164,"column":null}},"loc":{"start":{"line":164,"column":0},"end":{"line":170,"column":null}}},"10":{"name":"(anonymous_12)","decl":{"start":{"line":166,"column":0},"end":{"line":166,"column":null}},"loc":{"start":{"line":166,"column":0},"end":{"line":168,"column":null}}},"11":{"name":"(anonymous_13)","decl":{"start":{"line":172,"column":0},"end":{"line":172,"column":null}},"loc":{"start":{"line":172,"column":0},"end":{"line":176,"column":null}}},"12":{"name":"(anonymous_14)","decl":{"start":{"line":177,"column":0},"end":{"line":177,"column":null}},"loc":{"start":{"line":177,"column":0},"end":{"line":217,"column":null}}},"13":{"name":"(anonymous_15)","decl":{"start":{"line":180,"column":0},"end":{"line":180,"column":null}},"loc":{"start":{"line":180,"column":0},"end":{"line":206,"column":null}}},"14":{"name":"(anonymous_16)","decl":{"start":{"line":206,"column":0},"end":{"line":206,"column":null}},"loc":{"start":{"line":206,"column":0},"end":{"line":216,"column":null}}}},"branchMap":{"0":{"loc":{"start":{"line":101,"column":0},"end":{"line":105,"column":null}},"type":"if","locations":[{"start":{"line":101,"column":0},"end":{"line":105,"column":null}},{"start":{"line":101,"column":0},"end":{"line":105,"column":null}}]},"1":{"loc":{"start":{"line":120,"column":0},"end":{"line":122,"column":null}},"type":"if","locations":[{"start":{"line":120,"column":0},"end":{"line":122,"column":null}},{"start":{"line":120,"column":0},"end":{"line":122,"column":null}}]},"2":{"loc":{"start":{"line":129,"column":0},"end":{"line":161,"column":null}},"type":"if","locations":[{"start":{"line":129,"column":0},"end":{"line":161,"column":null}},{"start":{"line":129,"column":0},"end":{"line":161,"column":null}}]},"3":{"loc":{"start":{"line":143,"column":0},"end":{"line":152,"column":null}},"type":"if","locations":[{"start":{"line":143,"column":0},"end":{"line":152,"column":null}},{"start":{"line":143,"column":0},"end":{"line":152,"column":null}}]},"4":{"loc":{"start":{"line":149,"column":0},"end":{"line":151,"column":null}},"type":"if","locations":[{"start":{"line":149,"column":0},"end":{"line":151,"column":null}},{"start":{"line":149,"column":0},"end":{"line":151,"column":null}}]},"5":{"loc":{"start":{"line":186,"column":0},"end":{"line":205,"column":null}},"type":"if","locations":[{"start":{"line":186,"column":0},"end":{"line":205,"column":null}},{"start":{"line":186,"column":0},"end":{"line":205,"column":null}}]},"6":{"loc":{"start":{"line":189,"column":0},"end":{"line":204,"column":null}},"type":"if","locations":[{"start":{"line":189,"column":0},"end":{"line":204,"column":null}},{"start":{"line":189,"column":0},"end":{"line":204,"column":null}}]}},"s":{"0":0,"1":0,"2":0,"3":0,"4":0,"5":0,"6":0,"7":0,"8":0,"9":0,"10":0,"11":0,"12":0,"13":0,"14":0,"15":0,"16":0,"17":0,"18":0,"19":0,"20":0,"21":0,"22":0,"23":0,"24":0,"25":0,"26":0,"27":0,"28":0,"29":0,"30":0,"31":0,"32":0,"33":0,"34":0,"35":0,"36":0,"37":0,"38":0,"39":0,"40":0,"41":0,"42":0,"43":0,"44":0},"f":{"0":0,"1":0,"2":0,"3":0,"4":0,"5":0,"6":0,"7":0,"8":0,"9":0,"10":0,"11":0,"12":0,"13":0,"14":0},"b":{"0":[0,0],"1":[0,0],"2":[0,0],"3":[0,0],"4":[0,0],"5":[0,0],"6":[0,0]}}
,"C:\\Users\\NouaryK\\Sites\\vue-music\\src\\views\\NotFound.vue": {"path":"C:\\Users\\NouaryK\\Sites\\vue-music\\src\\views\\NotFound.vue","statementMap":{"0":{"start":{"line":18,"column":0},"end":{"line":18,"column":null}},"1":{"start":{"line":24,"column":0},"end":{"line":24,"column":null}}},"fnMap":{"0":{"name":"(anonymous_1)","decl":{"start":{"line":17,"column":0},"end":{"line":17,"column":null}},"loc":{"start":{"line":17,"column":0},"end":{"line":21,"column":null}}},"1":{"name":"(anonymous_2)","decl":{"start":{"line":23,"column":0},"end":{"line":23,"column":null}},"loc":{"start":{"line":23,"column":0},"end":{"line":25,"column":null}}}},"branchMap":{},"s":{"0":0,"1":0},"f":{"0":0,"1":0},"b":{}}
,"C:\\Users\\NouaryK\\Sites\\vue-music\\src\\views\\Playlist.vue": {"path":"C:\\Users\\NouaryK\\Sites\\vue-music\\src\\views\\Playlist.vue","statementMap":{"0":{"start":{"line":29,"column":0},"end":{"line":29,"column":null}},"1":{"start":{"line":30,"column":0},"end":{"line":30,"column":null}},"2":{"start":{"line":35,"column":0},"end":{"line":35,"column":null}},"3":{"start":{"line":41,"column":0},"end":{"line":41,"column":null}},"4":{"start":{"line":45,"column":0},"end":{"line":45,"column":null}},"5":{"start":{"line":46,"column":0},"end":{"line":73,"column":null}},"6":{"start":{"line":48,"column":0},"end":{"line":70,"column":null}},"7":{"start":{"line":50,"column":0},"end":{"line":50,"column":null}},"8":{"start":{"line":51,"column":0},"end":{"line":69,"column":null}},"9":{"start":{"line":52,"column":0},"end":{"line":68,"column":null}},"10":{"start":{"line":62,"column":0},"end":{"line":62,"column":null}},"11":{"start":{"line":63,"column":0},"end":{"line":63,"column":null}},"12":{"start":{"line":67,"column":0},"end":{"line":67,"column":null}},"13":{"start":{"line":72,"column":0},"end":{"line":72,"column":null}},"14":{"start":{"line":76,"column":0},"end":{"line":76,"column":null}},"15":{"start":{"line":78,"column":0},"end":{"line":78,"column":null}},"16":{"start":{"line":83,"column":0},"end":{"line":83,"column":null}},"17":{"start":{"line":84,"column":0},"end":{"line":98,"column":null}},"18":{"start":{"line":91,"column":0},"end":{"line":94,"column":null}},"19":{"start":{"line":92,"column":0},"end":{"line":92,"column":null}},"20":{"start":{"line":93,"column":0},"end":{"line":93,"column":null}},"21":{"start":{"line":96,"column":0},"end":{"line":96,"column":null}},"22":{"start":{"line":97,"column":0},"end":{"line":97,"column":null}},"23":{"start":{"line":111,"column":0},"end":{"line":111,"column":null}}},"fnMap":{"0":{"name":"(anonymous_2)","decl":{"start":{"line":34,"column":0},"end":{"line":34,"column":null}},"loc":{"start":{"line":34,"column":0},"end":{"line":39,"column":null}}},"1":{"name":"(anonymous_3)","decl":{"start":{"line":40,"column":0},"end":{"line":40,"column":null}},"loc":{"start":{"line":40,"column":0},"end":{"line":42,"column":null}}},"2":{"name":"(anonymous_4)","decl":{"start":{"line":44,"column":0},"end":{"line":44,"column":null}},"loc":{"start":{"line":44,"column":0},"end":{"line":74,"column":null}}},"3":{"name":"(anonymous_5)","decl":{"start":{"line":46,"column":0},"end":{"line":46,"column":null}},"loc":{"start":{"line":46,"column":0},"end":{"line":71,"column":null}}},"4":{"name":"(anonymous_6)","decl":{"start":{"line":51,"column":0},"end":{"line":51,"column":null}},"loc":{"start":{"line":51,"column":0},"end":{"line":69,"column":null}}},"5":{"name":"(anonymous_7)","decl":{"start":{"line":52,"column":0},"end":{"line":52,"column":null}},"loc":{"start":{"line":52,"column":0},"end":{"line":65,"column":null}}},"6":{"name":"(anonymous_8)","decl":{"start":{"line":65,"column":0},"end":{"line":65,"column":null}},"loc":{"start":{"line":65,"column":0},"end":{"line":68,"column":null}}},"7":{"name":"(anonymous_9)","decl":{"start":{"line":71,"column":0},"end":{"line":71,"column":null}},"loc":{"start":{"line":71,"column":0},"end":{"line":73,"column":null}}},"8":{"name":"(anonymous_10)","decl":{"start":{"line":75,"column":0},"end":{"line":75,"column":null}},"loc":{"start":{"line":75,"column":0},"end":{"line":104,"column":null}}},"9":{"name":"(anonymous_11)","decl":{"start":{"line":82,"column":0},"end":{"line":82,"column":null}},"loc":{"start":{"line":82,"column":0},"end":{"line":99,"column":null}}},"10":{"name":"(anonymous_12)","decl":{"start":{"line":84,"column":0},"end":{"line":84,"column":null}},"loc":{"start":{"line":84,"column":0},"end":{"line":95,"column":null}}},"11":{"name":"(anonymous_13)","decl":{"start":{"line":95,"column":0},"end":{"line":95,"column":null}},"loc":{"start":{"line":95,"column":0},"end":{"line":98,"column":null}}},"12":{"name":"(anonymous_14)","decl":{"start":{"line":105,"column":0},"end":{"line":105,"column":null}},"loc":{"start":{"line":105,"column":0},"end":{"line":109,"column":null}}},"13":{"name":"(anonymous_15)","decl":{"start":{"line":110,"column":0},"end":{"line":110,"column":null}},"loc":{"start":{"line":110,"column":0},"end":{"line":112,"column":null}}}},"branchMap":{"0":{"loc":{"start":{"line":48,"column":0},"end":{"line":70,"column":null}},"type":"if","locations":[{"start":{"line":48,"column":0},"end":{"line":70,"column":null}},{"start":{"line":48,"column":0},"end":{"line":70,"column":null}}]},"1":{"loc":{"start":{"line":91,"column":0},"end":{"line":94,"column":null}},"type":"if","locations":[{"start":{"line":91,"column":0},"end":{"line":94,"column":null}},{"start":{"line":91,"column":0},"end":{"line":94,"column":null}}]}},"s":{"0":0,"1":0,"2":0,"3":0,"4":0,"5":0,"6":0,"7":0,"8":0,"9":0,"10":0,"11":0,"12":0,"13":0,"14":0,"15":0,"16":0,"17":0,"18":0,"19":0,"20":0,"21":0,"22":0,"23":0},"f":{"0":0,"1":0,"2":0,"3":0,"4":0,"5":0,"6":0,"7":0,"8":0,"9":0,"10":0,"11":0,"12":0,"13":0},"b":{"0":[0,0],"1":[0,0]}}
,"C:\\Users\\NouaryK\\Sites\\vue-music\\src\\views\\account\\Register.vue": {"path":"C:\\Users\\NouaryK\\Sites\\vue-music\\src\\views\\account\\Register.vue","statementMap":{"0":{"start":{"line":46,"column":0},"end":{"line":46,"column":null}},"1":{"start":{"line":50,"column":0},"end":{"line":50,"column":null}},"2":{"start":{"line":61,"column":0},"end":{"line":61,"column":null}},"3":{"start":{"line":63,"column":0},"end":{"line":104,"column":null}},"4":{"start":{"line":64,"column":0},"end":{"line":64,"column":null}},"5":{"start":{"line":65,"column":0},"end":{"line":104,"column":null}},"6":{"start":{"line":68,"column":0},"end":{"line":68,"column":null}},"7":{"start":{"line":69,"column":0},"end":{"line":100,"column":null}},"8":{"start":{"line":76,"column":0},"end":{"line":76,"column":null}},"9":{"start":{"line":77,"column":0},"end":{"line":95,"column":null}},"10":{"start":{"line":79,"column":0},"end":{"line":94,"column":null}},"11":{"start":{"line":80,"column":0},"end":{"line":82,"column":null}},"12":{"start":{"line":81,"column":0},"end":{"line":81,"column":null}},"13":{"start":{"line":83,"column":0},"end":{"line":83,"column":null}},"14":{"start":{"line":84,"column":0},"end":{"line":84,"column":null}},"15":{"start":{"line":85,"column":0},"end":{"line":85,"column":null}},"16":{"start":{"line":86,"column":0},"end":{"line":86,"column":null}},"17":{"start":{"line":87,"column":0},"end":{"line":87,"column":null}},"18":{"start":{"line":88,"column":0},"end":{"line":88,"column":null}},"19":{"start":{"line":90,"column":0},"end":{"line":90,"column":null}},"20":{"start":{"line":91,"column":0},"end":{"line":91,"column":null}},"21":{"start":{"line":93,"column":0},"end":{"line":93,"column":null}},"22":{"start":{"line":97,"column":0},"end":{"line":97,"column":null}},"23":{"start":{"line":98,"column":0},"end":{"line":98,"column":null}},"24":{"start":{"line":99,"column":0},"end":{"line":99,"column":null}},"25":{"start":{"line":102,"column":0},"end":{"line":102,"column":null}},"26":{"start":{"line":103,"column":0},"end":{"line":103,"column":null}},"27":{"start":{"line":107,"column":0},"end":{"line":107,"column":null}},"28":{"start":{"line":108,"column":0},"end":{"line":108,"column":null}},"29":{"start":{"line":113,"column":0},"end":{"line":113,"column":null}},"30":{"start":{"line":116,"column":0},"end":{"line":116,"column":null}},"31":{"start":{"line":117,"column":0},"end":{"line":117,"column":null}},"32":{"start":{"line":120,"column":0},"end":{"line":120,"column":null}},"33":{"start":{"line":121,"column":0},"end":{"line":121,"column":null}},"34":{"start":{"line":124,"column":0},"end":{"line":124,"column":null}},"35":{"start":{"line":125,"column":0},"end":{"line":125,"column":null}},"36":{"start":{"line":128,"column":0},"end":{"line":128,"column":null}},"37":{"start":{"line":129,"column":0},"end":{"line":129,"column":null}},"38":{"start":{"line":138,"column":0},"end":{"line":138,"column":null}}},"fnMap":{"0":{"name":"(anonymous_2)","decl":{"start":{"line":49,"column":0},"end":{"line":49,"column":null}},"loc":{"start":{"line":49,"column":0},"end":{"line":57,"column":null}}},"1":{"name":"(anonymous_3)","decl":{"start":{"line":60,"column":0},"end":{"line":60,"column":null}},"loc":{"start":{"line":60,"column":0},"end":{"line":105,"column":null}}},"2":{"name":"(anonymous_4)","decl":{"start":{"line":69,"column":0},"end":{"line":69,"column":null}},"loc":{"start":{"line":69,"column":0},"end":{"line":96,"column":null}}},"3":{"name":"(anonymous_5)","decl":{"start":{"line":96,"column":0},"end":{"line":96,"column":null}},"loc":{"start":{"line":96,"column":0},"end":{"line":100,"column":null}}},"4":{"name":"(anonymous_6)","decl":{"start":{"line":106,"column":0},"end":{"line":106,"column":null}},"loc":{"start":{"line":106,"column":0},"end":{"line":109,"column":null}}},"5":{"name":"(anonymous_7)","decl":{"start":{"line":111,"column":0},"end":{"line":111,"column":null}},"loc":{"start":{"line":111,"column":0},"end":{"line":131,"column":null}}},"6":{"name":"(anonymous_8)","decl":{"start":{"line":133,"column":0},"end":{"line":133,"column":null}},"loc":{"start":{"line":133,"column":0},"end":{"line":133,"column":null}}},"7":{"name":"(anonymous_9)","decl":{"start":{"line":137,"column":0},"end":{"line":137,"column":null}},"loc":{"start":{"line":137,"column":0},"end":{"line":143,"column":null}}}},"branchMap":{"0":{"loc":{"start":{"line":63,"column":0},"end":{"line":104,"column":null}},"type":"if","locations":[{"start":{"line":63,"column":0},"end":{"line":104,"column":null}},{"start":{"line":63,"column":0},"end":{"line":104,"column":null}}]},"1":{"loc":{"start":{"line":65,"column":0},"end":{"line":104,"column":null}},"type":"if","locations":[{"start":{"line":65,"column":0},"end":{"line":104,"column":null}},{"start":{"line":65,"column":0},"end":{"line":104,"column":null}}]},"2":{"loc":{"start":{"line":65,"column":0},"end":{"line":65,"column":null}},"type":"binary-expr","locations":[{"start":{"line":65,"column":0},"end":{"line":65,"column":null}},{"start":{"line":65,"column":0},"end":{"line":65,"column":null}},{"start":{"line":65,"column":0},"end":{"line":65,"column":null}}]},"3":{"loc":{"start":{"line":77,"column":0},"end":{"line":95,"column":null}},"type":"if","locations":[{"start":{"line":77,"column":0},"end":{"line":95,"column":null}},{"start":{"line":77,"column":0},"end":{"line":95,"column":null}}]},"4":{"loc":{"start":{"line":79,"column":0},"end":{"line":94,"column":null}},"type":"if","locations":[{"start":{"line":79,"column":0},"end":{"line":94,"column":null}},{"start":{"line":79,"column":0},"end":{"line":94,"column":null}}]},"5":{"loc":{"start":{"line":80,"column":0},"end":{"line":82,"column":null}},"type":"if","locations":[{"start":{"line":80,"column":0},"end":{"line":82,"column":null}},{"start":{"line":80,"column":0},"end":{"line":82,"column":null}}]},"6":{"loc":{"start":{"line":115,"column":0},"end":{"line":117,"column":null}},"type":"switch","locations":[{"start":{"line":115,"column":0},"end":{"line":117,"column":null}},{"start":{"line":119,"column":0},"end":{"line":121,"column":null}},{"start":{"line":123,"column":0},"end":{"line":125,"column":null}},{"start":{"line":127,"column":0},"end":{"line":129,"column":null}}]},"7":{"loc":{"start":{"line":137,"column":0},"end":{"line":137,"column":null}},"type":"default-arg","locations":[{"start":{"line":137,"column":0},"end":{"line":137,"column":null}}]}},"s":{"0":0,"1":0,"2":0,"3":0,"4":0,"5":0,"6":0,"7":0,"8":0,"9":0,"10":0,"11":0,"12":0,"13":0,"14":0,"15":0,"16":0,"17":0,"18":0,"19":0,"20":0,"21":0,"22":0,"23":0,"24":0,"25":0,"26":0,"27":0,"28":0,"29":0,"30":0,"31":0,"32":0,"33":0,"34":0,"35":0,"36":0,"37":0,"38":0},"f":{"0":0,"1":0,"2":0,"3":0,"4":0,"5":0,"6":0,"7":0},"b":{"0":[0,0],"1":[0,0],"2":[0,0,0],"3":[0,0],"4":[0,0],"5":[0,0],"6":[0,0,0,0],"7":[0]}}
,"C:\\Users\\NouaryK\\Sites\\vue-music\\src\\views\\account\\Settings.vue": {"path":"C:\\Users\\NouaryK\\Sites\\vue-music\\src\\views\\account\\Settings.vue","statementMap":{"0":{"start":{"line":24,"column":0},"end":{"line":24,"column":null}},"1":{"start":{"line":28,"column":0},"end":{"line":28,"column":null}},"2":{"start":{"line":37,"column":0},"end":{"line":37,"column":null}},"3":{"start":{"line":43,"column":0},"end":{"line":43,"column":null}},"4":{"start":{"line":44,"column":0},"end":{"line":48,"column":null}},"5":{"start":{"line":45,"column":0},"end":{"line":45,"column":null}},"6":{"start":{"line":47,"column":0},"end":{"line":47,"column":null}},"7":{"start":{"line":52,"column":0},"end":{"line":78,"column":null}},"8":{"start":{"line":53,"column":0},"end":{"line":53,"column":null}},"9":{"start":{"line":54,"column":0},"end":{"line":73,"column":null}},"10":{"start":{"line":61,"column":0},"end":{"line":69,"column":null}},"11":{"start":{"line":62,"column":0},"end":{"line":62,"column":null}},"12":{"start":{"line":63,"column":0},"end":{"line":63,"column":null}},"13":{"start":{"line":64,"column":0},"end":{"line":68,"column":null}},"14":{"start":{"line":65,"column":0},"end":{"line":65,"column":null}},"15":{"start":{"line":67,"column":0},"end":{"line":67,"column":null}},"16":{"start":{"line":71,"column":0},"end":{"line":71,"column":null}},"17":{"start":{"line":72,"column":0},"end":{"line":72,"column":null}},"18":{"start":{"line":77,"column":0},"end":{"line":77,"column":null}},"19":{"start":{"line":82,"column":0},"end":{"line":82,"column":null}}},"fnMap":{"0":{"name":"(anonymous_2)","decl":{"start":{"line":27,"column":0},"end":{"line":27,"column":null}},"loc":{"start":{"line":27,"column":0},"end":{"line":35,"column":null}}},"1":{"name":"(anonymous_3)","decl":{"start":{"line":36,"column":0},"end":{"line":36,"column":null}},"loc":{"start":{"line":36,"column":0},"end":{"line":38,"column":null}}},"2":{"name":"(anonymous_4)","decl":{"start":{"line":42,"column":0},"end":{"line":42,"column":null}},"loc":{"start":{"line":42,"column":0},"end":{"line":49,"column":null}}},"3":{"name":"(anonymous_5)","decl":{"start":{"line":51,"column":0},"end":{"line":51,"column":null}},"loc":{"start":{"line":51,"column":0},"end":{"line":79,"column":null}}},"4":{"name":"(anonymous_6)","decl":{"start":{"line":55,"column":0},"end":{"line":55,"column":null}},"loc":{"start":{"line":55,"column":0},"end":{"line":70,"column":null}}},"5":{"name":"(anonymous_7)","decl":{"start":{"line":70,"column":0},"end":{"line":70,"column":null}},"loc":{"start":{"line":70,"column":0},"end":{"line":73,"column":null}}},"6":{"name":"(anonymous_8)","decl":{"start":{"line":81,"column":0},"end":{"line":81,"column":null}},"loc":{"start":{"line":81,"column":0},"end":{"line":88,"column":null}}}},"branchMap":{"0":{"loc":{"start":{"line":44,"column":0},"end":{"line":48,"column":null}},"type":"if","locations":[{"start":{"line":44,"column":0},"end":{"line":48,"column":null}},{"start":{"line":44,"column":0},"end":{"line":48,"column":null}}]},"1":{"loc":{"start":{"line":44,"column":0},"end":{"line":44,"column":null}},"type":"binary-expr","locations":[{"start":{"line":44,"column":0},"end":{"line":44,"column":null}},{"start":{"line":44,"column":0},"end":{"line":44,"column":null}},{"start":{"line":44,"column":0},"end":{"line":44,"column":null}}]},"2":{"loc":{"start":{"line":52,"column":0},"end":{"line":78,"column":null}},"type":"if","locations":[{"start":{"line":52,"column":0},"end":{"line":78,"column":null}},{"start":{"line":52,"column":0},"end":{"line":78,"column":null}}]},"3":{"loc":{"start":{"line":61,"column":0},"end":{"line":69,"column":null}},"type":"if","locations":[{"start":{"line":61,"column":0},"end":{"line":69,"column":null}},{"start":{"line":61,"column":0},"end":{"line":69,"column":null}}]},"4":{"loc":{"start":{"line":64,"column":0},"end":{"line":68,"column":null}},"type":"if","locations":[{"start":{"line":64,"column":0},"end":{"line":68,"column":null}},{"start":{"line":64,"column":0},"end":{"line":68,"column":null}}]},"5":{"loc":{"start":{"line":81,"column":0},"end":{"line":81,"column":null}},"type":"default-arg","locations":[{"start":{"line":81,"column":0},"end":{"line":81,"column":null}}]}},"s":{"0":0,"1":0,"2":0,"3":0,"4":0,"5":0,"6":0,"7":0,"8":0,"9":0,"10":0,"11":0,"12":0,"13":0,"14":0,"15":0,"16":0,"17":0,"18":0,"19":0},"f":{"0":0,"1":0,"2":0,"3":0,"4":0,"5":0,"6":0},"b":{"0":[0,0],"1":[0,0,0],"2":[0,0],"3":[0,0],"4":[0,0],"5":[0]}}
,"C:\\Users\\NouaryK\\Sites\\vue-music\\src\\views\\account\\UserPlaylists.vue": {"path":"C:\\Users\\NouaryK\\Sites\\vue-music\\src\\views\\account\\UserPlaylists.vue","statementMap":{"0":{"start":{"line":50,"column":0},"end":{"line":50,"column":null}},"1":{"start":{"line":51,"column":0},"end":{"line":51,"column":null}},"2":{"start":{"line":53,"column":0},"end":{"line":53,"column":null}},"3":{"start":{"line":60,"column":0},"end":{"line":60,"column":null}},"4":{"start":{"line":74,"column":0},"end":{"line":74,"column":null}},"5":{"start":{"line":75,"column":0},"end":{"line":75,"column":null}},"6":{"start":{"line":76,"column":0},"end":{"line":76,"column":null}},"7":{"start":{"line":80,"column":0},"end":{"line":80,"column":null}},"8":{"start":{"line":86,"column":0},"end":{"line":86,"column":null}},"9":{"start":{"line":87,"column":0},"end":{"line":87,"column":null}},"10":{"start":{"line":90,"column":0},"end":{"line":90,"column":null}},"11":{"start":{"line":93,"column":0},"end":{"line":93,"column":null}},"12":{"start":{"line":100,"column":0},"end":{"line":100,"column":null}},"13":{"start":{"line":106,"column":0},"end":{"line":106,"column":null}},"14":{"start":{"line":109,"column":0},"end":{"line":109,"column":null}},"15":{"start":{"line":110,"column":0},"end":{"line":110,"column":null}},"16":{"start":{"line":115,"column":0},"end":{"line":115,"column":null}},"17":{"start":{"line":116,"column":0},"end":{"line":151,"column":null}},"18":{"start":{"line":121,"column":0},"end":{"line":148,"column":null}},"19":{"start":{"line":132,"column":0},"end":{"line":136,"column":null}},"20":{"start":{"line":133,"column":0},"end":{"line":133,"column":null}},"21":{"start":{"line":135,"column":0},"end":{"line":135,"column":null}},"22":{"start":{"line":138,"column":0},"end":{"line":138,"column":null}},"23":{"start":{"line":145,"column":0},"end":{"line":145,"column":null}},"24":{"start":{"line":146,"column":0},"end":{"line":146,"column":null}},"25":{"start":{"line":150,"column":0},"end":{"line":150,"column":null}},"26":{"start":{"line":155,"column":0},"end":{"line":155,"column":null}},"27":{"start":{"line":161,"column":0},"end":{"line":161,"column":null}},"28":{"start":{"line":162,"column":0},"end":{"line":162,"column":null}},"29":{"start":{"line":163,"column":0},"end":{"line":163,"column":null}},"30":{"start":{"line":164,"column":0},"end":{"line":168,"column":null}},"31":{"start":{"line":165,"column":0},"end":{"line":165,"column":null}},"32":{"start":{"line":166,"column":0},"end":{"line":166,"column":null}},"33":{"start":{"line":167,"column":0},"end":{"line":167,"column":null}},"34":{"start":{"line":172,"column":0},"end":{"line":172,"column":null}},"35":{"start":{"line":173,"column":0},"end":{"line":193,"column":null}},"36":{"start":{"line":174,"column":0},"end":{"line":190,"column":null}},"37":{"start":{"line":180,"column":0},"end":{"line":184,"column":null}},"38":{"start":{"line":181,"column":0},"end":{"line":181,"column":null}},"39":{"start":{"line":182,"column":0},"end":{"line":182,"column":null}},"40":{"start":{"line":183,"column":0},"end":{"line":183,"column":null}},"41":{"start":{"line":186,"column":0},"end":{"line":186,"column":null}},"42":{"start":{"line":187,"column":0},"end":{"line":187,"column":null}},"43":{"start":{"line":188,"column":0},"end":{"line":188,"column":null}},"44":{"start":{"line":189,"column":0},"end":{"line":189,"column":null}},"45":{"start":{"line":192,"column":0},"end":{"line":192,"column":null}},"46":{"start":{"line":197,"column":0},"end":{"line":197,"column":null}}},"fnMap":{"0":{"name":"(anonymous_2)","decl":{"start":{"line":59,"column":0},"end":{"line":59,"column":null}},"loc":{"start":{"line":59,"column":0},"end":{"line":72,"column":null}}},"1":{"name":"(anonymous_3)","decl":{"start":{"line":73,"column":0},"end":{"line":73,"column":null}},"loc":{"start":{"line":73,"column":0},"end":{"line":81,"column":null}}},"2":{"name":"(anonymous_4)","decl":{"start":{"line":85,"column":0},"end":{"line":85,"column":null}},"loc":{"start":{"line":85,"column":0},"end":{"line":88,"column":null}}},"3":{"name":"(anonymous_5)","decl":{"start":{"line":89,"column":0},"end":{"line":89,"column":null}},"loc":{"start":{"line":89,"column":0},"end":{"line":91,"column":null}}},"4":{"name":"(anonymous_6)","decl":{"start":{"line":92,"column":0},"end":{"line":92,"column":null}},"loc":{"start":{"line":92,"column":0},"end":{"line":102,"column":null}}},"5":{"name":"(anonymous_7)","decl":{"start":{"line":104,"column":0},"end":{"line":104,"column":null}},"loc":{"start":{"line":104,"column":0},"end":{"line":158,"column":null}}},"6":{"name":"(anonymous_8)","decl":{"start":{"line":114,"column":0},"end":{"line":114,"column":null}},"loc":{"start":{"line":114,"column":0},"end":{"line":152,"column":null}}},"7":{"name":"(anonymous_9)","decl":{"start":{"line":117,"column":0},"end":{"line":117,"column":null}},"loc":{"start":{"line":117,"column":0},"end":{"line":149,"column":null}}},"8":{"name":"(anonymous_10)","decl":{"start":{"line":149,"column":0},"end":{"line":149,"column":null}},"loc":{"start":{"line":149,"column":0},"end":{"line":151,"column":null}}},"9":{"name":"(anonymous_11)","decl":{"start":{"line":160,"column":0},"end":{"line":160,"column":null}},"loc":{"start":{"line":160,"column":0},"end":{"line":169,"column":null}}},"10":{"name":"(anonymous_12)","decl":{"start":{"line":164,"column":0},"end":{"line":164,"column":null}},"loc":{"start":{"line":164,"column":0},"end":{"line":168,"column":null}}},"11":{"name":"(anonymous_13)","decl":{"start":{"line":171,"column":0},"end":{"line":171,"column":null}},"loc":{"start":{"line":171,"column":0},"end":{"line":194,"column":null}}},"12":{"name":"(anonymous_14)","decl":{"start":{"line":174,"column":0},"end":{"line":174,"column":null}},"loc":{"start":{"line":174,"column":0},"end":{"line":185,"column":null}}},"13":{"name":"(anonymous_15)","decl":{"start":{"line":185,"column":0},"end":{"line":185,"column":null}},"loc":{"start":{"line":185,"column":0},"end":{"line":190,"column":null}}},"14":{"name":"(anonymous_16)","decl":{"start":{"line":196,"column":0},"end":{"line":196,"column":null}},"loc":{"start":{"line":196,"column":0},"end":{"line":203,"column":null}}}},"branchMap":{"0":{"loc":{"start":{"line":74,"column":0},"end":{"line":74,"column":null}},"type":"if","locations":[{"start":{"line":74,"column":0},"end":{"line":74,"column":null}},{"start":{"line":74,"column":0},"end":{"line":74,"column":null}}]},"1":{"loc":{"start":{"line":121,"column":0},"end":{"line":148,"column":null}},"type":"if","locations":[{"start":{"line":121,"column":0},"end":{"line":148,"column":null}},{"start":{"line":121,"column":0},"end":{"line":148,"column":null}}]},"2":{"loc":{"start":{"line":132,"column":0},"end":{"line":136,"column":null}},"type":"if","locations":[{"start":{"line":132,"column":0},"end":{"line":136,"column":null}},{"start":{"line":132,"column":0},"end":{"line":136,"column":null}}]},"3":{"loc":{"start":{"line":173,"column":0},"end":{"line":193,"column":null}},"type":"if","locations":[{"start":{"line":173,"column":0},"end":{"line":193,"column":null}},{"start":{"line":173,"column":0},"end":{"line":193,"column":null}}]},"4":{"loc":{"start":{"line":180,"column":0},"end":{"line":184,"column":null}},"type":"if","locations":[{"start":{"line":180,"column":0},"end":{"line":184,"column":null}},{"start":{"line":180,"column":0},"end":{"line":184,"column":null}}]},"5":{"loc":{"start":{"line":196,"column":0},"end":{"line":196,"column":null}},"type":"default-arg","locations":[{"start":{"line":196,"column":0},"end":{"line":196,"column":null}}]}},"s":{"0":0,"1":0,"2":0,"3":0,"4":0,"5":0,"6":0,"7":0,"8":0,"9":0,"10":0,"11":0,"12":0,"13":0,"14":0,"15":0,"16":0,"17":0,"18":0,"19":0,"20":0,"21":0,"22":0,"23":0,"24":0,"25":0,"26":0,"27":0,"28":0,"29":0,"30":0,"31":0,"32":0,"33":0,"34":0,"35":0,"36":0,"37":0,"38":0,"39":0,"40":0,"41":0,"42":0,"43":0,"44":0,"45":0,"46":0},"f":{"0":0,"1":0,"2":0,"3":0,"4":0,"5":0,"6":0,"7":0,"8":0,"9":0,"10":0,"11":0,"12":0,"13":0,"14":0},"b":{"0":[0,0],"1":[0,0],"2":[0,0],"3":[0,0],"4":[0,0],"5":[0]}}
}
