TN:
SF:C:\Users\NouaryK\Sites\vue-music\src\App.vue
FN:34,(anonymous_2)
FN:41,(anonymous_3)
FNF:2
FNH:0
FNDA:0,(anonymous_2)
FNDA:0,(anonymous_3)
DA:23,0
DA:24,0
DA:25,0
DA:35,0
DA:42,0
LF:5
LH:0
BRDA:42,0,0,0
BRDA:42,0,1,0
BRF:2
BRH:0
end_of_record
TN:
SF:C:\Users\NouaryK\Sites\vue-music\src\utils.js
FN:6,(anonymous_0)
FNF:1
FNH:0
FNDA:0,(anonymous_0)
DA:4,0
DA:5,0
DA:7,0
LF:3
LH:0
BRDA:6,0,0,0
BRF:1
BRH:0
end_of_record
TN:
SF:C:\Users\NouaryK\Sites\vue-music\src\components\CreatePlaylist.vue
FN:33,(anonymous_2)
FN:40,(anonymous_3)
FN:44,(anonymous_4)
FN:68,(anonymous_5)
FN:73,(anonymous_6)
FN:77,(anonymous_7)
FN:97,(anonymous_8)
FN:102,(anonymous_9)
FNF:8
FNH:0
FNDA:0,(anonymous_2)
FNDA:0,(anonymous_3)
FNDA:0,(anonymous_4)
FNDA:0,(anonymous_5)
FNDA:0,(anonymous_6)
FNDA:0,(anonymous_7)
FNDA:0,(anonymous_8)
FNDA:0,(anonymous_9)
DA:29,0
DA:34,0
DA:41,0
DA:45,0
DA:48,0
DA:55,0
DA:56,0
DA:58,0
DA:69,0
DA:70,0
DA:75,0
DA:76,0
DA:82,0
DA:83,0
DA:85,0
DA:94,0
DA:95,0
DA:98,0
DA:99,0
DA:103,0
LF:20
LH:0
BRDA:45,0,0,0
BRDA:45,0,1,0
BRDA:82,1,0,0
BRDA:82,1,1,0
BRDA:102,2,0,0
BRF:5
BRH:0
end_of_record
TN:
SF:C:\Users\NouaryK\Sites\vue-music\src\components\Footer.vue
FN:12,(anonymous_1)
FNF:1
FNH:0
FNDA:0,(anonymous_1)
DA:13,0
LF:1
LH:0
BRF:0
BRH:0
end_of_record
TN:
SF:C:\Users\NouaryK\Sites\vue-music\src\components\Header.vue
FN:40,(anonymous_1)
FN:44,(anonymous_2)
FN:49,(anonymous_3)
FNF:3
FNH:0
FNDA:0,(anonymous_1)
FNDA:0,(anonymous_2)
FNDA:0,(anonymous_3)
DA:41,0
DA:45,0
DA:50,0
DA:51,0
DA:52,0
LF:5
LH:0
BRF:0
BRH:0
end_of_record
TN:
SF:C:\Users\NouaryK\Sites\vue-music\src\components\Login.vue
FN:49,(anonymous_2)
FN:59,(anonymous_3)
FN:64,(anonymous_4)
FN:69,(anonymous_5)
FN:88,(anonymous_6)
FN:95,(anonymous_7)
FN:120,(anonymous_8)
FN:129,(anonymous_9)
FN:138,(anonymous_10)
FNF:9
FNH:0
FNDA:0,(anonymous_2)
FNDA:0,(anonymous_3)
FNDA:0,(anonymous_4)
FNDA:0,(anonymous_5)
FNDA:0,(anonymous_6)
FNDA:0,(anonymous_7)
FNDA:0,(anonymous_8)
FNDA:0,(anonymous_9)
FNDA:0,(anonymous_10)
DA:45,0
DA:50,0
DA:65,0
DA:66,0
DA:68,0
DA:74,0
DA:75,0
DA:76,0
DA:77,0
DA:78,0
DA:79,0
DA:80,0
DA:81,0
DA:82,0
DA:83,0
DA:85,0
DA:89,0
DA:90,0
DA:91,0
DA:97,0
DA:99,0
DA:100,0
DA:102,0
DA:104,0
DA:106,0
DA:110,0
DA:113,0
DA:114,0
DA:121,0
DA:130,0
DA:139,0
LF:31
LH:0
BRDA:75,0,0,0
BRDA:75,0,1,0
BRDA:77,1,0,0
BRDA:77,1,1,0
BRDA:98,2,0,0
BRDA:98,2,1,0
BRDA:98,2,2,0
BRDA:98,2,3,0
BRDA:120,3,0,0
BRF:9
BRH:0
end_of_record
TN:
SF:C:\Users\NouaryK\Sites\vue-music\src\components\Pagination.vue
FN:23,(anonymous_1)
FN:28,(anonymous_2)
FN:33,(anonymous_3)
FNF:3
FNH:0
FNDA:0,(anonymous_1)
FNDA:0,(anonymous_2)
FNDA:0,(anonymous_3)
DA:24,0
DA:34,0
DA:36,0
DA:37,0
DA:39,0
DA:40,0
DA:43,0
DA:44,0
DA:46,0
DA:47,0
DA:50,0
DA:58,0
DA:59,0
LF:13
LH:0
BRDA:36,0,0,0
BRDA:36,0,1,0
BRDA:39,1,0,0
BRDA:39,1,1,0
BRDA:46,2,0,0
BRDA:46,2,1,0
BRF:6
BRH:0
end_of_record
TN:
SF:C:\Users\NouaryK\Sites\vue-music\src\components\SideBarMenu.vue
FN:101,(anonymous_2)
FN:107,(anonymous_3)
FN:120,(anonymous_4)
FN:124,(anonymous_5)
FN:129,(anonymous_6)
FN:134,(anonymous_7)
FN:141,(anonymous_8)
FN:142,(anonymous_9)
FN:149,(anonymous_10)
FNF:9
FNH:0
FNDA:0,(anonymous_2)
FNDA:0,(anonymous_3)
FNDA:0,(anonymous_4)
FNDA:0,(anonymous_5)
FNDA:0,(anonymous_6)
FNDA:0,(anonymous_7)
FNDA:0,(anonymous_8)
FNDA:0,(anonymous_9)
FNDA:0,(anonymous_10)
DA:98,0
DA:102,0
DA:109,0
DA:110,0
DA:112,0
DA:121,0
DA:122,0
DA:125,0
DA:126,0
DA:130,0
DA:135,0
DA:136,0
DA:137,0
DA:142,0
DA:143,0
DA:145,0
DA:147,0
DA:150,0
LF:18
LH:0
BRDA:109,0,0,0
BRDA:109,0,1,0
BRDA:149,1,0,0
BRF:3
BRH:0
end_of_record
TN:
SF:C:\Users\NouaryK\Sites\vue-music\src\components\Utils.vue
FN:7,(anonymous_1)
FNF:1
FNH:0
FNDA:0,(anonymous_1)
DA:8,0
LF:1
LH:0
BRDA:7,0,0,0
BRF:1
BRH:0
end_of_record
TN:
SF:C:\Users\NouaryK\Sites\vue-music\src\store\playlist.js
FN:11,(anonymous_0)
FN:17,(anonymous_1)
FNF:2
FNH:0
FNDA:0,(anonymous_0)
FNDA:0,(anonymous_1)
DA:4,0
DA:6,0
DA:12,0
DA:13,0
DA:17,0
LF:5
LH:0
BRF:0
BRH:0
end_of_record
TN:
SF:C:\Users\NouaryK\Sites\vue-music\src\store\store.js
FN:25,(anonymous_0)
FN:28,(anonymous_1)
FN:33,(anonymous_2)
FN:40,(anonymous_3)
FN:46,(anonymous_4)
FN:69,(anonymous_5)
FN:78,(anonymous_6)
FN:81,(anonymous_7)
FN:86,(anonymous_8)
FN:96,(anonymous_9)
FN:103,(anonymous_10)
FN:111,(anonymous_11)
FN:116,(anonymous_12)
FN:119,(anonymous_13)
FN:128,(anonymous_14)
FN:129,(anonymous_15)
FNF:16
FNH:0
FNDA:0,(anonymous_0)
FNDA:0,(anonymous_1)
FNDA:0,(anonymous_2)
FNDA:0,(anonymous_3)
FNDA:0,(anonymous_4)
FNDA:0,(anonymous_5)
FNDA:0,(anonymous_6)
FNDA:0,(anonymous_7)
FNDA:0,(anonymous_8)
FNDA:0,(anonymous_9)
FNDA:0,(anonymous_10)
FNDA:0,(anonymous_11)
FNDA:0,(anonymous_12)
FNDA:0,(anonymous_13)
FNDA:0,(anonymous_14)
FNDA:0,(anonymous_15)
DA:5,0
DA:7,0
DA:26,0
DA:29,0
DA:30,0
DA:34,0
DA:41,0
DA:43,0
DA:47,0
DA:48,0
DA:49,0
DA:50,0
DA:51,0
DA:52,0
DA:54,0
DA:57,0
DA:58,0
DA:59,0
DA:61,0
DA:62,0
DA:63,0
DA:64,0
DA:70,0
DA:71,0
DA:79,0
DA:82,0
DA:83,0
DA:84,0
DA:87,0
DA:88,0
DA:89,0
DA:97,0
DA:104,0
DA:105,0
DA:106,0
DA:108,0
DA:112,0
DA:117,0
DA:120,0
DA:128,0
DA:130,0
LF:41
LH:0
BRDA:47,0,0,0
BRDA:47,0,1,0
BRDA:48,1,0,0
BRDA:48,1,1,0
BRDA:62,2,0,0
BRDA:62,2,1,0
BRDA:88,3,0,0
BRDA:88,3,1,0
BRDA:104,4,0,0
BRDA:104,4,1,0
BRDA:105,5,0,0
BRDA:105,5,1,0
BRDA:105,6,0,0
BRDA:105,6,1,0
BRF:14
BRH:0
end_of_record
TN:
SF:C:\Users\NouaryK\Sites\vue-music\src\views\Home.vue
FN:83,(anonymous_2)
FN:98,(anonymous_3)
FN:102,(anonymous_4)
FN:111,(anonymous_5)
FN:115,(anonymous_6)
FN:123,(anonymous_7)
FN:128,(anonymous_8)
FN:131,(anonymous_9)
FN:153,(anonymous_10)
FN:164,(anonymous_11)
FN:166,(anonymous_12)
FN:172,(anonymous_13)
FN:177,(anonymous_14)
FN:180,(anonymous_15)
FN:206,(anonymous_16)
FNF:15
FNH:0
FNDA:0,(anonymous_2)
FNDA:0,(anonymous_3)
FNDA:0,(anonymous_4)
FNDA:0,(anonymous_5)
FNDA:0,(anonymous_6)
FNDA:0,(anonymous_7)
FNDA:0,(anonymous_8)
FNDA:0,(anonymous_9)
FNDA:0,(anonymous_10)
FNDA:0,(anonymous_11)
FNDA:0,(anonymous_12)
FNDA:0,(anonymous_13)
FNDA:0,(anonymous_14)
FNDA:0,(anonymous_15)
FNDA:0,(anonymous_16)
DA:75,0
DA:76,0
DA:84,0
DA:99,0
DA:100,0
DA:101,0
DA:102,0
DA:112,0
DA:115,0
DA:120,0
DA:121,0
DA:124,0
DA:129,0
DA:130,0
DA:131,0
DA:143,0
DA:144,0
DA:145,0
DA:146,0
DA:147,0
DA:148,0
DA:149,0
DA:150,0
DA:155,0
DA:156,0
DA:157,0
DA:160,0
DA:165,0
DA:166,0
DA:167,0
DA:169,0
DA:173,0
DA:174,0
DA:175,0
DA:178,0
DA:179,0
DA:186,0
DA:187,0
DA:189,0
DA:190,0
DA:196,0
DA:198,0
DA:208,0
DA:209,0
DA:210,0
LF:45
LH:0
BRDA:101,0,0,0
BRDA:101,0,1,0
BRDA:120,1,0,0
BRDA:120,1,1,0
BRDA:129,2,0,0
BRDA:129,2,1,0
BRDA:143,3,0,0
BRDA:143,3,1,0
BRDA:149,4,0,0
BRDA:149,4,1,0
BRDA:186,5,0,0
BRDA:186,5,1,0
BRDA:189,6,0,0
BRDA:189,6,1,0
BRF:14
BRH:0
end_of_record
TN:
SF:C:\Users\NouaryK\Sites\vue-music\src\views\NotFound.vue
FN:17,(anonymous_1)
FN:23,(anonymous_2)
FNF:2
FNH:0
FNDA:0,(anonymous_1)
FNDA:0,(anonymous_2)
DA:18,0
DA:24,0
LF:2
LH:0
BRF:0
BRH:0
end_of_record
TN:
SF:C:\Users\NouaryK\Sites\vue-music\src\views\Playlist.vue
FN:34,(anonymous_2)
FN:40,(anonymous_3)
FN:44,(anonymous_4)
FN:46,(anonymous_5)
FN:51,(anonymous_6)
FN:52,(anonymous_7)
FN:65,(anonymous_8)
FN:71,(anonymous_9)
FN:75,(anonymous_10)
FN:82,(anonymous_11)
FN:84,(anonymous_12)
FN:95,(anonymous_13)
FN:105,(anonymous_14)
FN:110,(anonymous_15)
FNF:14
FNH:0
FNDA:0,(anonymous_2)
FNDA:0,(anonymous_3)
FNDA:0,(anonymous_4)
FNDA:0,(anonymous_5)
FNDA:0,(anonymous_6)
FNDA:0,(anonymous_7)
FNDA:0,(anonymous_8)
FNDA:0,(anonymous_9)
FNDA:0,(anonymous_10)
FNDA:0,(anonymous_11)
FNDA:0,(anonymous_12)
FNDA:0,(anonymous_13)
FNDA:0,(anonymous_14)
FNDA:0,(anonymous_15)
DA:29,0
DA:30,0
DA:35,0
DA:41,0
DA:45,0
DA:46,0
DA:48,0
DA:50,0
DA:51,0
DA:52,0
DA:62,0
DA:63,0
DA:67,0
DA:72,0
DA:76,0
DA:78,0
DA:83,0
DA:84,0
DA:91,0
DA:92,0
DA:93,0
DA:96,0
DA:97,0
DA:111,0
LF:24
LH:0
BRDA:48,0,0,0
BRDA:48,0,1,0
BRDA:91,1,0,0
BRDA:91,1,1,0
BRF:4
BRH:0
end_of_record
TN:
SF:C:\Users\NouaryK\Sites\vue-music\src\views\account\Register.vue
FN:49,(anonymous_2)
FN:60,(anonymous_3)
FN:69,(anonymous_4)
FN:96,(anonymous_5)
FN:106,(anonymous_6)
FN:111,(anonymous_7)
FN:133,(anonymous_8)
FN:137,(anonymous_9)
FNF:8
FNH:0
FNDA:0,(anonymous_2)
FNDA:0,(anonymous_3)
FNDA:0,(anonymous_4)
FNDA:0,(anonymous_5)
FNDA:0,(anonymous_6)
FNDA:0,(anonymous_7)
FNDA:0,(anonymous_8)
FNDA:0,(anonymous_9)
DA:46,0
DA:50,0
DA:61,0
DA:63,0
DA:64,0
DA:65,0
DA:68,0
DA:69,0
DA:76,0
DA:77,0
DA:79,0
DA:80,0
DA:81,0
DA:83,0
DA:84,0
DA:85,0
DA:86,0
DA:87,0
DA:88,0
DA:90,0
DA:91,0
DA:93,0
DA:97,0
DA:98,0
DA:99,0
DA:102,0
DA:103,0
DA:107,0
DA:108,0
DA:113,0
DA:116,0
DA:117,0
DA:120,0
DA:121,0
DA:124,0
DA:125,0
DA:128,0
DA:129,0
DA:138,0
LF:39
LH:0
BRDA:63,0,0,0
BRDA:63,0,1,0
BRDA:65,1,0,0
BRDA:65,1,1,0
BRDA:65,2,0,0
BRDA:65,2,1,0
BRDA:65,2,2,0
BRDA:77,3,0,0
BRDA:77,3,1,0
BRDA:79,4,0,0
BRDA:79,4,1,0
BRDA:80,5,0,0
BRDA:80,5,1,0
BRDA:115,6,0,0
BRDA:115,6,1,0
BRDA:115,6,2,0
BRDA:115,6,3,0
BRDA:137,7,0,0
BRF:18
BRH:0
end_of_record
TN:
SF:C:\Users\NouaryK\Sites\vue-music\src\views\account\Settings.vue
FN:27,(anonymous_2)
FN:36,(anonymous_3)
FN:42,(anonymous_4)
FN:51,(anonymous_5)
FN:55,(anonymous_6)
FN:70,(anonymous_7)
FN:81,(anonymous_8)
FNF:7
FNH:0
FNDA:0,(anonymous_2)
FNDA:0,(anonymous_3)
FNDA:0,(anonymous_4)
FNDA:0,(anonymous_5)
FNDA:0,(anonymous_6)
FNDA:0,(anonymous_7)
FNDA:0,(anonymous_8)
DA:24,0
DA:28,0
DA:37,0
DA:43,0
DA:44,0
DA:45,0
DA:47,0
DA:52,0
DA:53,0
DA:54,0
DA:61,0
DA:62,0
DA:63,0
DA:64,0
DA:65,0
DA:67,0
DA:71,0
DA:72,0
DA:77,0
DA:82,0
LF:20
LH:0
BRDA:44,0,0,0
BRDA:44,0,1,0
BRDA:44,1,0,0
BRDA:44,1,1,0
BRDA:44,1,2,0
BRDA:52,2,0,0
BRDA:52,2,1,0
BRDA:61,3,0,0
BRDA:61,3,1,0
BRDA:64,4,0,0
BRDA:64,4,1,0
BRDA:81,5,0,0
BRF:12
BRH:0
end_of_record
TN:
SF:C:\Users\NouaryK\Sites\vue-music\src\views\account\UserPlaylists.vue
FN:59,(anonymous_2)
FN:73,(anonymous_3)
FN:85,(anonymous_4)
FN:89,(anonymous_5)
FN:92,(anonymous_6)
FN:104,(anonymous_7)
FN:114,(anonymous_8)
FN:117,(anonymous_9)
FN:149,(anonymous_10)
FN:160,(anonymous_11)
FN:164,(anonymous_12)
FN:171,(anonymous_13)
FN:174,(anonymous_14)
FN:185,(anonymous_15)
FN:196,(anonymous_16)
FNF:15
FNH:0
FNDA:0,(anonymous_2)
FNDA:0,(anonymous_3)
FNDA:0,(anonymous_4)
FNDA:0,(anonymous_5)
FNDA:0,(anonymous_6)
FNDA:0,(anonymous_7)
FNDA:0,(anonymous_8)
FNDA:0,(anonymous_9)
FNDA:0,(anonymous_10)
FNDA:0,(anonymous_11)
FNDA:0,(anonymous_12)
FNDA:0,(anonymous_13)
FNDA:0,(anonymous_14)
FNDA:0,(anonymous_15)
FNDA:0,(anonymous_16)
DA:50,0
DA:51,0
DA:53,0
DA:60,0
DA:74,0
DA:75,0
DA:76,0
DA:80,0
DA:86,0
DA:87,0
DA:90,0
DA:93,0
DA:100,0
DA:106,0
DA:109,0
DA:110,0
DA:115,0
DA:116,0
DA:121,0
DA:132,0
DA:133,0
DA:135,0
DA:138,0
DA:145,0
DA:146,0
DA:150,0
DA:155,0
DA:161,0
DA:162,0
DA:163,0
DA:164,0
DA:165,0
DA:166,0
DA:167,0
DA:172,0
DA:173,0
DA:174,0
DA:180,0
DA:181,0
DA:182,0
DA:183,0
DA:186,0
DA:187,0
DA:188,0
DA:189,0
DA:192,0
DA:197,0
LF:47
LH:0
BRDA:74,0,0,0
BRDA:74,0,1,0
BRDA:121,1,0,0
BRDA:121,1,1,0
BRDA:132,2,0,0
BRDA:132,2,1,0
BRDA:173,3,0,0
BRDA:173,3,1,0
BRDA:180,4,0,0
BRDA:180,4,1,0
BRDA:196,5,0,0
BRF:11
BRH:0
end_of_record
